<?xml version="1.0" encoding="UTF-8" ?>
<testsuites errors="4"
            failures="1"
            tests="1">

  <testsuite name="UI-tests.LinkedInHomeTest" id="UI-tests.LinkedInHomeTest"
    errors="4" failures="1" hostname="" package="LinkedInHomeTest" skipped="0"
    tests="1" time="186.7" timestamp="">
  
    <testcase name="LinkedIn validation" classname="UI-tests.LinkedInHomeTest" time="186.7" assertions="6">

    

    

    

    

      <failure message="Expected element @securityTitle &lt;#challenge-dialog-modal-header&gt; to be visible - expected &#34;visible&#34; but got: &#34;not visible&#34; (5362ms)">    at LinkedIn validation (C:\Automation\UI-tests\LinkedInHomeTest.js:51:23)</failure>

    
    <error message="Expected element @securityTitle &lt;#challenge-dialog-modal-header&gt; to be visible - expected [32m&#34;visible&#34;[39m but got: [31m&#34;not visible&#34;[39m[90m (5362ms)[39m" type="error"><![CDATA[
    Error
    at Command.executeCommand (C:\Automation\node_modules\nightwatch\lib\page-object\command-wrapper.js:281:22)
    at Object.element (C:\Automation\node_modules\nightwatch\lib\page-object\command-wrapper.js:86:27)
    at LinkedIn validation (C:\Automation\UI-tests\LinkedInHomeTest.js:51:23)
    at Context.call (C:\Automation\node_modules\nightwatch\lib\testsuite\context.js:528:43)
    at TestCase.run (C:\Automation\node_modules\nightwatch\lib\testsuite\testcase.js:58:31)
    at Runnable.__runFn (C:\Automation\node_modules\nightwatch\lib\testsuite\index.js:842:80)
    at Runnable.run (C:\Automation\node_modules\nightwatch\lib\testsuite\runnable.js:126:21)
    at TestSuite.executeRunnable (C:\Automation\node_modules\nightwatch\lib\testsuite\index.js:1003:49)
    at TestSuite.handleRunnable (C:\Automation\node_modules\nightwatch\lib\testsuite\index.js:1018:33)
    at C:\Automation\node_modules\nightwatch\lib\testsuite\index.js:842:21
    ]]></error>
    
    </testcase>
  

  
    <system-err>
       TimeoutError
   An error occurred while running .click() command on &lt;Element [name=@firstnameField]&gt;: element not interactable
  (Session info: chrome=139.0.7258.67)
    {&#34;error&#34;:{&#34;name&#34;:&#34;ElementNotInteractableError&#34;,&#34;remoteStacktrace&#34;:&#34;&#34;},&#34;status&#34;:-1,&#34;value&#34;:null}

    Error location:
    C:\Automation\UI-tests\LinkedInHomeTest.js:43
    ––––––––––––––––––––––––––––––––––––––––––––
     41 | const lastName=credentials.LastName;
     42 | 
     43 | linkedInNameForm.click(&#39;@firstnameField&#39;).setValue(&#39;@firstnameField&#39;, firstName); 
     44 | linkedInNameForm.click(&#39;@lastnameField&#39;).setValue(&#39;@lastnameField&#39;, lastName);
     45 | 
    ––––––––––––––––––––––––––––––––––––––––––––

 TimeoutError
   An error occurred while running .setValue() command on &lt;Element [name=@firstnameField]&gt;: element not interactable
  (Session info: chrome=139.0.7258.67)
    {&#34;error&#34;:{&#34;name&#34;:&#34;ElementNotInteractableError&#34;,&#34;remoteStacktrace&#34;:&#34;&#34;},&#34;status&#34;:-1,&#34;value&#34;:null}

    Error location:
    C:\Automation\UI-tests\LinkedInHomeTest.js:43
    ––––––––––––––––––––––––––––––––––––––––––––
     41 | const lastName=credentials.LastName;
     42 | 
     43 | linkedInNameForm.click(&#39;@firstnameField&#39;).setValue(&#39;@firstnameField&#39;, firstName); 
     44 | linkedInNameForm.click(&#39;@lastnameField&#39;).setValue(&#39;@lastnameField&#39;, lastName);
     45 | 
    ––––––––––––––––––––––––––––––––––––––––––––

 TimeoutError
   An error occurred while running .click() command on &lt;Element [name=@lastnameField]&gt;: element not interactable
  (Session info: chrome=139.0.7258.67)
    {&#34;error&#34;:{&#34;name&#34;:&#34;ElementNotInteractableError&#34;,&#34;remoteStacktrace&#34;:&#34;&#34;},&#34;status&#34;:-1,&#34;value&#34;:null}

    Error location:
    C:\Automation\UI-tests\LinkedInHomeTest.js:44
    ––––––––––––––––––––––––––––––––––––––––––––
     42 | 
     43 | linkedInNameForm.click(&#39;@firstnameField&#39;).setValue(&#39;@firstnameField&#39;, firstName);
     44 | linkedInNameForm.click(&#39;@lastnameField&#39;).setValue(&#39;@lastnameField&#39;, lastName); 
     45 | 
     46 | //Click continue
    ––––––––––––––––––––––––––––––––––––––––––––

 TimeoutError
   An error occurred while running .setValue() command on &lt;Element [name=@lastnameField]&gt;: element not interactable
  (Session info: chrome=139.0.7258.67)
    {&#34;error&#34;:{&#34;name&#34;:&#34;ElementNotInteractableError&#34;,&#34;remoteStacktrace&#34;:&#34;&#34;},&#34;status&#34;:-1,&#34;value&#34;:null}

    Error location:
    C:\Automation\UI-tests\LinkedInHomeTest.js:44
    ––––––––––––––––––––––––––––––––––––––––––––
     42 | 
     43 | linkedInNameForm.click(&#39;@firstnameField&#39;).setValue(&#39;@firstnameField&#39;, firstName);
     44 | linkedInNameForm.click(&#39;@lastnameField&#39;).setValue(&#39;@lastnameField&#39;, lastName); 
     45 | 
     46 | //Click continue
    ––––––––––––––––––––––––––––––––––––––––––––

    </system-err>
  

    

  
  </testsuite>
</testsuites>
